[    0.000000] Linux version 5.0.0-25-generic (buildd@lcy01-amd64-014) (gcc version 7.4.0 (Ubuntu 7.4.0-1ubuntu1~18.04.1)) #26~18.04.1-Ubuntu SMP Thu Aug 1 13:51:02 UTC 2019 (Ubuntu 5.0.0-25.26~18.04.1-generic 5.0.18)
[    0.000000] Command line: BOOT_IMAGE=/boot/vmlinuz-5.0.0-25-generic root=UUID=20f85cd4-a3c8-403e-9a26-60f1ad29a325 ro console=tty1 console=ttyS0
[    0.000000] KERNEL supported cpus:
[    0.000000]   Intel GenuineIntel
[    0.000000]   AMD AuthenticAMD
[    0.000000]   Hygon HygonGenuine
[    0.000000]   Centaur CentaurHauls
[    0.000000] x86/fpu: Supporting XSAVE feature 0x001: 'x87 floating point registers'
[    0.000000] x86/fpu: Supporting XSAVE feature 0x002: 'SSE registers'
[    0.000000] x86/fpu: Supporting XSAVE feature 0x004: 'AVX registers'
[    0.000000] x86/fpu: xstate_offset[2]:  576, xstate_sizes[2]:  256
[    0.000000] x86/fpu: Enabled xstate features 0x7, context size is 832 bytes, using 'standard' format.
[    0.000000] BIOS-provided physical RAM map:
[    0.000000] BIOS-e820: [mem 0x0000000000000000-0x000000000009fbff] usable
[    0.000000] BIOS-e820: [mem 0x000000000009fc00-0x000000000009ffff] reserved
[    0.000000] BIOS-e820: [mem 0x00000000000f0000-0x00000000000fffff] reserved
[    0.000000] BIOS-e820: [mem 0x0000000000100000-0x00000000dffeffff] usable
[    0.000000] BIOS-e820: [mem 0x00000000dfff0000-0x00000000dfffffff] ACPI data
[    0.000000] BIOS-e820: [mem 0x00000000fec00000-0x00000000fec00fff] reserved
[    0.000000] BIOS-e820: [mem 0x00000000fee00000-0x00000000fee00fff] reserved
[    0.000000] BIOS-e820: [mem 0x00000000fffc0000-0x00000000ffffffff] reserved
[    0.000000] BIOS-e820: [mem 0x0000000100000000-0x000000021fffffff] usable
[    0.000000] NX (Execute Disable) protection: active
[    0.000000] SMBIOS 2.5 present.
[    0.000000] DMI: innotek GmbH VirtualBox/VirtualBox, BIOS VirtualBox 12/01/2006
[    0.000000] Hypervisor detected: KVM
[    0.000000] kvm-clock: Using msrs 4b564d01 and 4b564d00
[    0.000000] kvm-clock: cpu 0, msr 8f001001, primary cpu clock
[    0.000000] kvm-clock: using sched offset of 4968727543 cycles
[    0.000001] clocksource: kvm-clock: mask: 0xffffffffffffffff max_cycles: 0x1cd42e4dffb, max_idle_ns: 881590591483 ns
[    0.000004] tsc: Detected 4200.000 MHz processor
[    0.002490] last_pfn = 0x220000 max_arch_pfn = 0x400000000
[    0.002500] Disabled
[    0.002501] x86/PAT: MTRRs disabled, skipping PAT initialization too.
[    0.002503] CPU MTRRs all blank - virtualized system.
[    0.002505] x86/PAT: Configuration [0-7]: WB  WT  UC- UC  WB  WT  UC- UC  
[    0.002507] last_pfn = 0xdfff0 max_arch_pfn = 0x400000000
[    0.002549] found SMP MP-table at [mem 0x0009fff0-0x0009ffff]
[    0.120229] check: Scanning 1 areas for low memory corruption
[    0.121508] RAMDISK: [mem 0x307d9000-0x343e3fff]
[    0.121519] ACPI: Early table checksum verification disabled
[    0.121535] ACPI: RSDP 0x00000000000E0000 000024 (v02 VBOX  )
[    0.121538] ACPI: XSDT 0x00000000DFFF0030 00003C (v01 VBOX   VBOXXSDT 00000001 ASL  00000061)
[    0.121542] ACPI: FACP 0x00000000DFFF00F0 0000F4 (v04 VBOX   VBOXFACP 00000001 ASL  00000061)
[    0.121546] ACPI: DSDT 0x00000000DFFF0470 0022EA (v02 VBOX   VBOXBIOS 00000002 INTL 20100528)
[    0.121548] ACPI: FACS 0x00000000DFFF0200 000040
[    0.121550] ACPI: FACS 0x00000000DFFF0200 000040
[    0.121552] ACPI: APIC 0x00000000DFFF0240 00005C (v02 VBOX   VBOXAPIC 00000001 ASL  00000061)
[    0.121554] ACPI: SSDT 0x00000000DFFF02A0 0001CC (v01 VBOX   VBOXCPUT 00000002 INTL 20100528)
[    0.121759] No NUMA configuration found
[    0.121760] Faking a node at [mem 0x0000000000000000-0x000000021fffffff]
[    0.121766] NODE_DATA(0) allocated [mem 0x21ffd1000-0x21fffbfff]
[    0.122839] Zone ranges:
[    0.122840]   DMA      [mem 0x0000000000001000-0x0000000000ffffff]
[    0.122840]   DMA32    [mem 0x0000000001000000-0x00000000ffffffff]
[    0.122841]   Normal   [mem 0x0000000100000000-0x000000021fffffff]
[    0.122842]   Device   empty
[    0.122842] Movable zone start for each node
[    0.122844] Early memory node ranges
[    0.122845]   node   0: [mem 0x0000000000001000-0x000000000009efff]
[    0.122845]   node   0: [mem 0x0000000000100000-0x00000000dffeffff]
[    0.122846]   node   0: [mem 0x0000000100000000-0x000000021fffffff]
[    0.124674] Zeroed struct page in unavailable ranges: 114 pages
[    0.124675] Initmem setup node 0 [mem 0x0000000000001000-0x000000021fffffff]
[    0.208860] ACPI: PM-Timer IO Port: 0x4008
[    0.208906] IOAPIC[0]: apic_id 2, version 32, address 0xfec00000, GSI 0-23
[    0.208908] ACPI: INT_SRC_OVR (bus 0 bus_irq 0 global_irq 2 dfl dfl)
[    0.208909] ACPI: INT_SRC_OVR (bus 0 bus_irq 9 global_irq 9 low level)
[    0.208913] Using ACPI (MADT) for SMP configuration information
[    0.208917] smpboot: Allowing 2 CPUs, 0 hotplug CPUs
[    0.208931] PM: Registered nosave memory: [mem 0x00000000-0x00000fff]
[    0.208932] PM: Registered nosave memory: [mem 0x0009f000-0x0009ffff]
[    0.208933] PM: Registered nosave memory: [mem 0x000a0000-0x000effff]
[    0.208933] PM: Registered nosave memory: [mem 0x000f0000-0x000fffff]
[    0.208934] PM: Registered nosave memory: [mem 0xdfff0000-0xdfffffff]
[    0.208934] PM: Registered nosave memory: [mem 0xe0000000-0xfebfffff]
[    0.208935] PM: Registered nosave memory: [mem 0xfec00000-0xfec00fff]
[    0.208935] PM: Registered nosave memory: [mem 0xfec01000-0xfedfffff]
[    0.208935] PM: Registered nosave memory: [mem 0xfee00000-0xfee00fff]
[    0.208936] PM: Registered nosave memory: [mem 0xfee01000-0xfffbffff]
[    0.208936] PM: Registered nosave memory: [mem 0xfffc0000-0xffffffff]
[    0.208938] [mem 0xe0000000-0xfebfffff] available for PCI devices
[    0.208938] Booting paravirtualized kernel on KVM
[    0.208940] clocksource: refined-jiffies: mask: 0xffffffff max_cycles: 0xffffffff, max_idle_ns: 7645519600211568 ns
[    0.208947] random: get_random_bytes called from start_kernel+0x97/0x516 with crng_init=0
[    0.208950] setup_percpu: NR_CPUS:8192 nr_cpumask_bits:2 nr_cpu_ids:2 nr_node_ids:1
[    0.209890] percpu: Embedded 46 pages/cpu s151552 r8192 d28672 u1048576
[    0.209909] PV qspinlock hash table entries: 256 (order: 0, 4096 bytes)
[    0.209913] Built 1 zonelists, mobility grouping on.  Total pages: 2064249
[    0.209913] Policy zone: Normal
[    0.209914] Kernel command line: BOOT_IMAGE=/boot/vmlinuz-5.0.0-25-generic root=UUID=20f85cd4-a3c8-403e-9a26-60f1ad29a325 ro console=tty1 console=ttyS0
[    0.238756] Memory: 8095948K/8388152K available (14339K kernel code, 2335K rwdata, 4316K rodata, 2584K init, 5196K bss, 292204K reserved, 0K cma-reserved)
[    0.239852] SLUB: HWalign=64, Order=0-3, MinObjects=0, CPUs=2, Nodes=1
[    0.239857] Kernel/User page tables isolation: enabled
[    0.239865] ftrace: allocating 41585 entries in 163 pages
[    0.251244] rcu: Hierarchical RCU implementation.
[    0.251246] rcu: 	RCU restricting CPUs from NR_CPUS=8192 to nr_cpu_ids=2.
[    0.251247] 	Tasks RCU enabled.
[    0.251247] rcu: RCU calculated value of scheduler-enlistment delay is 25 jiffies.
[    0.251248] rcu: Adjusting geometry for rcu_fanout_leaf=16, nr_cpu_ids=2
[    0.252725] NR_IRQS: 524544, nr_irqs: 440, preallocated irqs: 16
[    0.258972] Console: colour VGA+ 80x25
[    0.276758] printk: console [tty1] enabled
[    0.386323] printk: console [ttyS0] enabled
[    0.387015] ACPI: Core revision 20181213
[    0.387748] APIC: Switch to symmetric I/O mode setup
[    0.388838] x2apic enabled
[    0.389458] Switched APIC routing to physical x2apic.
[    0.391038] ..TIMER: vector=0x30 apic1=0 pin1=2 apic2=-1 pin2=-1
[    0.392031] clocksource: tsc-early: mask: 0xffffffffffffffff max_cycles: 0x3c8a615336c, max_idle_ns: 440795257976 ns
[    0.393809] Calibrating delay loop (skipped) preset value.. 8400.00 BogoMIPS (lpj=16800000)
[    0.395139] pid_max: default: 32768 minimum: 301
[    0.397822] LSM: Security Framework initializing
[    0.398840] Yama: becoming mindful.
[    0.399429] AppArmor: AppArmor initialized
[    0.403968] Dentry cache hash table entries: 1048576 (order: 11, 8388608 bytes)
[    0.407015] Inode-cache hash table entries: 524288 (order: 10, 4194304 bytes)
[    0.408437] Mount-cache hash table entries: 16384 (order: 5, 131072 bytes)
[    0.409811] Mountpoint-cache hash table entries: 16384 (order: 5, 131072 bytes)
[    0.411383] mce: CPU supports 0 MCE banks
[    0.412064] Last level iTLB entries: 4KB 64, 2MB 8, 4MB 8
[    0.413799] Last level dTLB entries: 4KB 64, 2MB 0, 4MB 0, 1GB 4
[    0.414744] Spectre V1 : Mitigation: usercopy/swapgs barriers and __user pointer sanitization
[    0.416087] Spectre V2 : Mitigation: Full generic retpoline
[    0.416966] Spectre V2 : Spectre v2 / SpectreRSB mitigation: Filling RSB on context switch
[    0.417799] Speculative Store Bypass: Vulnerable
[    0.418586] MDS: Mitigation: Clear CPU buffers
[    0.419400] Freeing SMP alternatives memory: 36K
[    0.425797] smpboot: CPU0: Intel(R) Core(TM) i7-7700K CPU @ 4.20GHz (family: 0x6, model: 0x9e, stepping: 0x9)
[    0.425797] Performance Events: unsupported p6 CPU model 158 no PMU driver, software events only.
[    0.425859] rcu: Hierarchical SRCU implementation.
[    0.427426] random: crng done (trusting CPU's manufacturer)
[    0.428712] NMI watchdog: Perf NMI watchdog permanently disabled
[    0.429843] smp: Bringing up secondary CPUs ...
[    0.430835] x86: Booting SMP configuration:
[    0.431746] .... node  #0, CPUs:      #1
[    0.140843] kvm-clock: cpu 1, msr 8f001041, secondary cpu clock
[    0.140843] mce: CPU supports 0 MCE banks
[    0.436977] smp: Brought up 1 node, 2 CPUs
[    0.437801] smpboot: Max logical packages: 1
[    0.438849] smpboot: Total of 2 processors activated (16800.00 BogoMIPS)
[    0.440450] devtmpfs: initialized
[    0.440450] x86/mm: Memory block size: 128MB
[    0.442280] clocksource: jiffies: mask: 0xffffffff max_cycles: 0xffffffff, max_idle_ns: 7645041785100000 ns
[    0.443561] futex hash table entries: 512 (order: 3, 32768 bytes)
[    0.445837] pinctrl core: initialized pinctrl subsystem
[    0.446852] RTC time: 03:50:43, date: 2019-08-27
[    0.447816] NET: Registered protocol family 16
[    0.448592] audit: initializing netlink subsys (disabled)
[    0.449503] audit: type=2000 audit(1566877850.232:1): state=initialized audit_enabled=0 res=1
[    0.449503] EISA bus registered
[    0.450337] cpuidle: using governor ladder
[    0.451005] cpuidle: using governor menu
[    0.451669] ACPI: bus type PCI registered
[    0.452365] acpiphp: ACPI Hot Plug PCI Controller Driver version: 0.5
[    0.453881] PCI: Using configuration type 1 for base access
[    0.455508] HugeTLB registered 2.00 MiB page size, pre-allocated 0 pages
[    0.457861] ACPI: Added _OSI(Module Device)
[    0.458807] ACPI: Added _OSI(Processor Device)
[    0.459548] ACPI: Added _OSI(3.0 _SCP Extensions)
[    0.460307] ACPI: Added _OSI(Processor Aggregator Device)
[    0.460307] ACPI: Added _OSI(Linux-Dell-Video)
[    0.461799] ACPI: Added _OSI(Linux-Lenovo-NV-HDMI-Audio)
[    0.461799] ACPI: Added _OSI(Linux-HPI-Hybrid-Graphics)
[    0.462657] ACPI: 2 ACPI AML tables successfully acquired and loaded
[    0.465801] ACPI: Interpreter enabled
[    0.465801] ACPI: (supports S0 S5)
[    0.465801] ACPI: Using IOAPIC for interrupt routing
[    0.467016] PCI: Using host bridge windows from ACPI; if necessary, use "pci=nocrs" and report a bug
[    0.468699] ACPI: Enabled 2 GPEs in block 00 to 07
[    0.474846] ACPI: PCI Root Bridge [PCI0] (domain 0000 [bus 00-ff])
[    0.476098] acpi PNP0A03:00: _OSC: OS supports [ASPM ClockPM Segments MSI]
[    0.477498] acpi PNP0A03:00: _OSC: not requesting OS control; OS requires [ExtendedConfig ASPM ClockPM MSI]
[    0.481808] acpi PNP0A03:00: fail to add MMCONFIG information, can't access extended PCI configuration space under this bridge.
[    0.483919] PCI host bridge to bus 0000:00
[    0.483919] pci_bus 0000:00: root bus resource [io  0x0000-0x0cf7 window]
[    0.483919] pci_bus 0000:00: root bus resource [io  0x0d00-0xffff window]
[    0.483935] pci_bus 0000:00: root bus resource [mem 0x000a0000-0x000bffff window]
[    0.485127] pci_bus 0000:00: root bus resource [mem 0xe0000000-0xfdffffff window]
[    0.485799] pci_bus 0000:00: root bus resource [bus 00-ff]
[    0.490149] pci 0000:00:01.1: legacy IDE quirk: reg 0x10: [io  0x01f0-0x01f7]
[    0.491764] pci 0000:00:01.1: legacy IDE quirk: reg 0x14: [io  0x03f6]
[    0.492781] pci 0000:00:01.1: legacy IDE quirk: reg 0x18: [io  0x0170-0x0177]
[    0.493797] pci 0000:00:01.1: legacy IDE quirk: reg 0x1c: [io  0x0376]
[    0.551360] pci 0000:00:07.0: quirk: [io  0x4000-0x403f] claimed by PIIX4 ACPI
[    0.552823] pci 0000:00:07.0: quirk: [io  0x4100-0x410f] claimed by PIIX4 SMB
[    0.597578] ACPI: PCI Interrupt Link [LNKA] (IRQs 5 9 10 *11)
[    0.598170] ACPI: PCI Interrupt Link [LNKB] (IRQs 5 9 *10 11)
[    0.599381] ACPI: PCI Interrupt Link [LNKC] (IRQs 5 *9 10 11)
[    0.600383] ACPI: PCI Interrupt Link [LNKD] (IRQs 5 9 10 *11)
[    0.601958] SCSI subsystem initialized
[    0.605876] pci 0000:00:02.0: vgaarb: setting as boot VGA device
[    0.606839] pci 0000:00:02.0: vgaarb: VGA device added: decodes=io+mem,owns=io+mem,locks=none
[    0.608186] pci 0000:00:02.0: vgaarb: bridge control possible
[    0.608186] vgaarb: loaded
[    0.609801] ACPI: bus type USB registered
[    0.609801] usbcore: registered new interface driver usbfs
[    0.609801] usbcore: registered new interface driver hub
[    0.609815] usbcore: registered new device driver usb
[    0.611150] pps_core: LinuxPPS API ver. 1 registered
[    0.612045] pps_core: Software ver. 5.3.6 - Copyright 2005-2007 Rodolfo Giometti <giometti@linux.it>
[    0.613475] PTP clock support registered
[    0.613825] EDAC MC: Ver: 3.0.0
[    0.617832] PCI: Using ACPI for IRQ routing
[    0.618877] NetLabel: Initializing
[    0.619464] NetLabel:  domain hash size = 128
[    0.619464] NetLabel:  protocols = UNLABELED CIPSOv4 CALIPSO
[    0.619464] NetLabel:  unlabeled traffic allowed by default
[    0.622268] clocksource: Switched to clocksource kvm-clock
[    0.635084] VFS: Disk quotas dquot_6.6.0
[    0.636116] VFS: Dquot-cache hash table entries: 512 (order 0, 4096 bytes)
[    0.638237] AppArmor: AppArmor Filesystem Enabled
[    0.639635] pnp: PnP ACPI init
[    0.641603] pnp: PnP ACPI: found 3 devices
[    0.647716] clocksource: acpi_pm: mask: 0xffffff max_cycles: 0xffffff, max_idle_ns: 2085701024 ns
[    0.649346] NET: Registered protocol family 2
[    0.650180] tcp_listen_portaddr_hash hash table entries: 4096 (order: 4, 65536 bytes)
[    0.652594] TCP established hash table entries: 65536 (order: 7, 524288 bytes)
[    0.654207] TCP bind hash table entries: 65536 (order: 8, 1048576 bytes)
[    0.655314] TCP: Hash tables configured (established 65536 bind 65536)
[    0.656790] UDP hash table entries: 4096 (order: 5, 131072 bytes)
[    0.657829] UDP-Lite hash table entries: 4096 (order: 5, 131072 bytes)
[    0.658930] NET: Registered protocol family 1
[    0.659690] NET: Registered protocol family 44
[    0.660682] pci 0000:00:00.0: Limiting direct PCI/PCI transfers
[    0.661628] pci 0000:00:01.0: Activating ISA DMA hang workarounds
[    0.662702] pci 0000:00:02.0: Video device with shadowed ROM at [mem 0x000c0000-0x000dffff]
[    0.664824] Unpacking initramfs...
[    1.242153] Freeing initrd memory: 61484K
[    1.244750] PCI-DMA: Using software bounce buffering for IO (SWIOTLB)
[    1.246107] software IO TLB: mapped [mem 0xdbff0000-0xdfff0000] (64MB)
[    1.247486] clocksource: tsc: mask: 0xffffffffffffffff max_cycles: 0x3c8a615336c, max_idle_ns: 440795257976 ns
[    1.249071] platform rtc_cmos: registered platform RTC device (no PNP device found)
[    1.250572] check: Scanning for low memory corruption every 60 seconds
[    1.252705] Initialise system trusted keyrings
[    1.253445] Key type blacklist registered
[    1.254238] workingset: timestamp_bits=36 max_order=21 bucket_order=0
[    1.257006] zbud: loaded
[    1.257857] squashfs: version 4.0 (2009/01/31) Phillip Lougher
[    1.259017] fuse init (API version 7.28)
[    1.288400] Key type asymmetric registered
[    1.289170] Asymmetric key parser 'x509' registered
[    1.290498] Block layer SCSI generic (bsg) driver version 0.4 loaded (major 243)
[    1.291807] io scheduler mq-deadline registered
[    1.292677] shpchp: Standard Hot Plug PCI Controller Driver version: 0.4
[    1.294097] ACPI: AC Adapter [AC] (on-line)
[    1.294815] input: Power Button as /devices/LNXSYSTM:00/LNXPWRBN:00/input/input0
[    1.296143] ACPI: Power Button [PWRF]
[    1.296802] input: Sleep Button as /devices/LNXSYSTM:00/LNXSLPBN:00/input/input1
[    1.298323] ACPI: Sleep Button [SLPF]
[    1.299192] Serial: 8250/16550 driver, 32 ports, IRQ sharing enabled
[    1.320690] 00:02: ttyS0 at I/O 0x3f8 (irq = 4, base_baud = 115200) is a 16550A
[    1.323060] Linux agpgart interface v0.103
[    1.324691] loop: module loaded
[    1.325704] scsi host0: ata_piix
[    1.326553] scsi host1: ata_piix
[    1.327122] ata1: PATA max UDMA/33 cmd 0x1f0 ctl 0x3f6 bmdma 0xd000 irq 14
[    1.328191] ata2: PATA max UDMA/33 cmd 0x170 ctl 0x376 bmdma 0xd008 irq 15
[    1.329310] libphy: Fixed MDIO Bus: probed
[    1.330515] tun: Universal TUN/TAP device driver, 1.6
[    1.331606] PPP generic driver version 2.4.2
[    1.332339] ehci_hcd: USB 2.0 'Enhanced' Host Controller (EHCI) Driver
[    1.333428] ehci-pci: EHCI PCI platform driver
[    1.334695] ehci-platform: EHCI generic platform driver
[    1.335575] ohci_hcd: USB 1.1 'Open' Host Controller (OHCI) Driver
[    1.336587] ohci-pci: OHCI PCI platform driver
[    1.337321] ohci-platform: OHCI generic platform driver
[    1.338480] uhci_hcd: USB Universal Host Controller Interface driver
[    1.339527] i8042: PNP: PS/2 Controller [PNP0303:PS2K,PNP0f03:PS2M] at 0x60,0x64 irq 1,12
[    1.341321] serio: i8042 KBD port at 0x60,0x64 irq 1
[    1.342502] serio: i8042 AUX port at 0x60,0x64 irq 12
[    1.344483] mousedev: PS/2 mouse device common for all mice
[    1.345601] input: AT Translated Set 2 keyboard as /devices/platform/i8042/serio0/input/input2
[    1.347498] rtc_cmos rtc_cmos: registered as rtc0
[    1.348271] rtc_cmos rtc_cmos: alarms up to one day, 114 bytes nvram
[    1.349279] i2c /dev entries driver
[    1.349917] device-mapper: uevent: version 1.0.3
[    1.350794] device-mapper: ioctl: 4.39.0-ioctl (2018-04-03) initialised: dm-devel@redhat.com
[    1.352400] platform eisa.0: Probing EISA bus 0
[    1.353134] platform eisa.0: EISA: Cannot allocate resource for mainboard
[    1.354421] platform eisa.0: Cannot allocate resource for EISA slot 1
[    1.355467] platform eisa.0: Cannot allocate resource for EISA slot 2
[    1.356547] platform eisa.0: Cannot allocate resource for EISA slot 3
[    1.357778] platform eisa.0: Cannot allocate resource for EISA slot 4
[    1.358915] platform eisa.0: Cannot allocate resource for EISA slot 5
[    1.359933] platform eisa.0: Cannot allocate resource for EISA slot 6
[    1.360968] platform eisa.0: Cannot allocate resource for EISA slot 7
[    1.362062] platform eisa.0: Cannot allocate resource for EISA slot 8
[    1.363078] platform eisa.0: EISA: Detected 0 cards
[    1.363907] ledtrig-cpu: registered to indicate activity on CPUs
[    1.364996] NET: Registered protocol family 10
[    1.369565] Segment Routing with IPv6
[    1.370336] NET: Registered protocol family 17
[    1.371148] Key type dns_resolver registered
[    1.372030] RAS: Correctable Errors collector initialized.
[    1.372944] sched_clock: Marking stable (1235158035, 136843174)->(1480994745, -108993536)
[    1.374566] registered taskstats version 1
[    1.375242] Loading compiled-in X.509 certificates
[    1.377058] Loaded X.509 cert 'Build time autogenerated kernel key: dfd2ef034f37e4937c3cf5bd7c108f83c1ddb065'
[    1.378990] zswap: loaded using pool lzo/zbud
[    1.384103] Key type big_key registered
[    1.384938] Key type trusted registered
[    1.387719] Key type encrypted registered
[    1.388486] AppArmor: AppArmor sha1 policy hashing enabled
[    1.389566] ima: No TPM chip found, activating TPM-bypass!
[    1.390581] ima: Allocated hash algorithm: sha1
[    1.391322] No architecture policies found
[    1.391997] evm: Initialising EVM extended attributes:
[    1.392817] evm: security.selinux
[    1.393369] evm: security.SMACK64
[    1.394022] evm: security.SMACK64EXEC
[    1.394769] evm: security.SMACK64TRANSMUTE
[    1.395455] evm: security.SMACK64MMAP
[    1.396069] evm: security.apparmor
[    1.396642] evm: security.ima
[    1.397142] evm: security.capability
[    1.397897] evm: HMAC attrs: 0x1
[    1.398619]   Magic number: 15:145:817
[    1.399310] rtc_cmos rtc_cmos: setting system clock to 2019-08-27T03:50:44 UTC (1566877844)
[    1.491037] Freeing unused decrypted memory: 2040K
[    1.492169] Freeing unused kernel image memory: 2584K
[    1.505908] Write protecting the kernel read-only data: 22528k
[    1.507420] Freeing unused kernel image memory: 2016K
[    1.508655] Freeing unused kernel image memory: 1828K
[    1.516128] x86/mm: Checked W+X mappings: passed, no W+X pages found.
[    1.517522] x86/mm: Checking user space page tables
[    1.524698] x86/mm: Checked W+X mappings: passed, no W+X pages found.
[    1.525990] Run /init as init process
Loading, please wait...
starting version 237
[    1.574898] piix4_smbus 0000:00:07.0: SMBus Host Controller at 0x4100, revision 0
[    1.581256] e1000: Intel(R) PRO/1000 Network Driver - version 7.3.21-k8-NAPI
[    1.583062] e1000: Copyright (c) 1999-2006 Intel Corporation.
[    1.585414] Fusion MPT base driver 3.04.20
[    1.586397] Copyright (c) 1999-2008 LSI Corporation
[    1.589931] Fusion MPT SPI Host driver 3.04.20
[    1.592110] ACPI: Video Device [GFX0] (multi-head: yes  rom: no  post: no)
[    1.593397] input: Video Bus as /devices/LNXSYSTM:00/LNXSYBUS:00/PNP0A03:00/LNXVIDEO:00/input/input5
[    1.596271] cryptd: max_cpu_qlen set to 1000
[    1.599977] mptbase: ioc0: Initiating bringup
[    1.604817] AVX2 version of gcm_enc/dec engaged.
[    1.606137] AES CTR mode by8 optimization enabled
[    1.694041] ioc0: LSI53C1030 A0: Capabilities={Initiator}
[    1.823591] input: ImExPS/2 Generic Explorer Mouse as /devices/platform/i8042/serio1/input/input4
[    1.939997] scsi host2: ioc0: LSI53C1030 A0, FwRev=00000000h, Ports=1, MaxQ=256, IRQ=20
[    1.979587] e1000 0000:00:03.0 eth0: (PCI:33MHz:32-bit) 02:9b:34:e4:fb:b3
[    1.981094] e1000 0000:00:03.0 eth0: Intel(R) PRO/1000 Network Connection
[    2.118201] scsi 2:0:0:0: Direct-Access     VBOX     HARDDISK         1.0  PQ: 0 ANSI: 5
[    2.217929] scsi target2:0:0: Beginning Domain Validation
[    2.219695] scsi target2:0:0: Domain Validation skipping write tests
[    2.220769] scsi target2:0:0: Ending Domain Validation
[    2.221897] scsi target2:0:0: asynchronous
[    2.224055] scsi 2:0:1:0: Direct-Access     VBOX     HARDDISK         1.0  PQ: 0 ANSI: 5
[    2.337944] scsi target2:0:1: Beginning Domain Validation
[    2.340132] scsi target2:0:1: Domain Validation skipping write tests
[    2.341144] scsi target2:0:1: Ending Domain Validation
[    2.342010] scsi target2:0:1: asynchronous
[    2.345976] sd 2:0:0:0: [sda] 20971520 512-byte logical blocks: (10.7 GB/10.0 GiB)
[    2.347391] sd 2:0:0:0: [sda] Write Protect is off
[    2.348327] sd 2:0:0:0: Attached scsi generic sg0 type 0
[    2.349203] sd 2:0:0:0: [sda] Incomplete mode parameter data
[    2.350123] sd 2:0:0:0: [sda] Assuming drive cache: write through
[    2.351890] sd 2:0:1:0: [sdb] 20480 512-byte logical blocks: (10.5 MB/10.0 MiB)
[    2.353133] sd 2:0:1:0: [sdb] Write Protect is off
[    2.354018] sd 2:0:1:0: [sdb] Incomplete mode parameter data
[    2.354962] sd 2:0:1:0: [sdb] Assuming drive cache: write through
[    2.356246]  sda: sda1
[    2.358933] sd 2:0:1:0: Attached scsi generic sg1 type 0
[    2.360159] sd 2:0:0:0: [sda] Attached SCSI disk
[    2.362060] sd 2:0:1:0: [sdb] Attached SCSI disk
[    2.366559] e1000 0000:00:08.0 eth1: (PCI:33MHz:32-bit) 08:00:27:36:11:98
[    2.367886] e1000 0000:00:08.0 eth1: Intel(R) PRO/1000 Network Connection
[    2.370339] e1000 0000:00:03.0 enp0s3: renamed from eth0
[    2.386684] e1000 0000:00:08.0 enp0s8: renamed from eth1
Begin: Loading essential drivers ... [    3.738026] raid6: avx2x4   gen() 40911 MB/s
[    3.786356] raid6: avx2x4   xor() 26049 MB/s
[    3.833850] raid6: avx2x2   gen() 37167 MB/s
[    3.881816] raid6: avx2x2   xor() 22866 MB/s
[    3.930061] raid6: avx2x1   gen() 30287 MB/s
[    3.978120] raid6: avx2x1   xor() 21660 MB/s
[    4.025916] raid6: sse2x4   gen() 21659 MB/s
[    4.074315] raid6: sse2x4   xor() 13177 MB/s
[    4.122309] raid6: sse2x2   gen() 18822 MB/s
[    4.170076] raid6: sse2x2   xor() 12470 MB/s
[    4.217951] raid6: sse2x1   gen() 15295 MB/s
[    4.265841] raid6: sse2x1   xor() 10919 MB/s
[    4.266812] raid6: using algorithm avx2x4 gen() 40911 MB/s
[    4.267706] raid6: .... xor() 26049 MB/s, rmw enabled
[    4.268973] raid6: using avx2x2 recovery algorithm
[    4.270771] xor: automatically using best checksumming function   avx       
[    4.272884] async_tx: api initialized (async)
done.
Begin: Running /scripts/init-premount ... done.
Begin: Mounting root file system ... Begin: Running /scripts/local-top ... done.
Begin: Running /scripts/local-premount ... [    4.304998] Btrfs loaded, crc32c=crc32c-intel
Scanning for Btrfs filesystems
done.
Warning: fsck not present, so skipping root file system
[    4.326776] EXT4-fs (sda1): mounted filesystem with ordered data mode. Opts: (null)
done.
Begin: Running /scripts/local-bottom ... done.
Begin: Running /scripts/init-bottom ... done.
[    4.492778] systemd[1]: systemd 237 running in system mode. (+PAM +AUDIT +SELINUX +IMA +APPARMOR +SMACK +SYSVINIT +UTMP +LIBCRYPTSETUP +GCRYPT +GNUTLS +ACL +XZ +LZ4 +SECCOMP +BLKID +ELFUTILS +KMOD -IDN2 +IDN -PCRE2 default-hierarchy=hybrid)
[    4.496268] systemd[1]: Detected virtualization oracle.
[    4.497244] systemd[1]: Detected architecture x86-64.

Welcome to [1mUbuntu 18.04.3 LTS[0m!

[    4.504040] systemd[1]: Set hostname to <dev>.
[    4.639992] systemd[1]: Created slice System Slice.
[[0;32m  OK  [0m] Created slice System Slice.
[    4.641152] systemd[1]: Listening on LVM2 metadata daemon socket.
[[0;32m  OK  [0m] Listening on LVM2 metadata daemon socket.
[    4.643307] systemd[1]: Listening on Network Service Netlink Socket.
[[0;32m  OK  [0m] Listening on Network Service Netlink Socket.
[    4.645332] systemd[1]: Created slice system-serial\x2dgetty.slice.
[[0;32m  OK  [0m] Created slice system-serial\x2dgetty.slice.
[    4.647115] systemd[1]: Listening on Device-mapper event daemon FIFOs.
[[0;32m  OK  [0m] Listening on Device-mapper event daemon FIFOs.
[    4.648703] systemd[1]: Reached target User and Group Name Lookups.
[[0;32m  OK  [0m] Reached target User and Group Name Lookups.
[[0;32m  OK  [0m] Reached target System Time Synchronized.
[[0;32m  OK  [0m] Listening on udev Kernel Socket.
[[0;32m  OK  [0m] Listening on Syslog Socket.
[[0;32m  OK  [0m] Listening on Journal Socket.
         Starting Remount Root and Kernel File Systems...
         Mounting POSIX Message Queue File System...
[    4.674992] EXT4-fs (sda1): re-mounted. Opts: (null)
         Starting Create list of required st…ce nodes for the current kernel...
         Starting Load Kernel Modules...
         Starting Set the console keyboard layout...
         Mounting Huge Pages File System...
[[0;32m  OK  [0m] Listening on LVM2 poll daemon socket.
[[0;32m  OK  [0m] Listening on /dev/initctl Compatibility Named Pipe.
[[0;32m  OK  [0m] Set up automount Arbitrary Executab…rmats File System Automount Point.
         Starting Monitoring of LVM2 mirrors…ng dmeventd or progress polling...
[    4.696931] Loading iSCSI transport class v2.0-870.
[[0;32m  OK  [0m] Listening on Journal Socket (/dev/log).
[[0;32m  OK  [0m] Started Forward Password Requests to Wall Directory Watch.
         Starting Uncomplicated firewall...
[[0;32m  OK  [0m] Created slice User and Session Slice.
[    4.708297] iscsi: registered transport (tcp)
[[0;32m  OK  [0m] Reached target Slices.
[[0;32m  OK  [0m] Listening on Journal Audit Socket.
         Starting Journal Service...
[[0;32m  OK  [0m] Listening on udev Control Socket.
         Mounting Kernel Debug File System...
[[0;32m  OK  [0m] Reached target Swap.
         Starting udev Coldplug all Devices...
[[0;32m  OK  [0m] Started Remount Root and Kernel File Systems.
[[0;32m  OK  [0m] Mounted POSIX Message Queue File System.
[[0;32m  OK  [0m] Started Create list of required sta…vice nodes for the current kernel.
[[0;32m  OK  [0m] Mounted Huge Pages File System.
[    4.742598] iscsi: registered transport (iser)
[[0;32m  OK  [0m] Started Uncomplicated firewall.
[[0;32m  OK  [0m] Started Load Kernel Modules.
[[0;32m  OK  [0m] Mounted Kernel Debug File System.
[[0;32m  OK  [0m] Started LVM2 metadata daemon.
         Starting Apply Kernel Variables...
         Mounting FUSE Control File System...
         Mounting Kernel Configuration File System...
         Starting Create Static Device Nodes in /dev...
         Starting Load/Save Random Seed...
[[0;32m  OK  [0m] Mounted FUSE Control File System.
[[0;32m  OK  [0m] Mounted Kernel Configuration File System.
[[0;32m  OK  [0m] Started Load/Save Random Seed.
[[0;32m  OK  [0m] Started Journal Service.
         Starting Flush Journal to Persistent Storage...
[[0;32m  OK  [0m] Started Apply Kernel Variables.
[[0;32m  OK  [0m] Started Monitoring of LVM2 mirrors,…sing dmeventd or progress polling.
[[0;32m  OK  [0m] Started Create Static Device Nodes in /dev.
         Starting udev Kernel Device Manager...
[[0;32m  OK  [0m] Started udev Coldplug all Devices.
[[0;32m  OK  [0m] Started Set the console keyboard layout.
[[0;32m  OK  [0m] Reached target Local File Systems (Pre).
[[0;32m  OK  [0m] Reached target Local File Systems.
         Starting AppArmor initialization...
         Starting ebtables ruleset management...
         Starting Tell Plymouth To Write Out Runtime Data...
         Starting Set console font and keymap...
[[0;32m  OK  [0m] Started udev Kernel Device Manager.
[[0;32m  OK  [0m] Started Dispatch Password Requests to Console Directory Watch.
[[0;32m  OK  [0m] Reached target Local Encrypted Volumes.
[[0;32m  OK  [0m] Started Set console font and keymap.
[[0;32m  OK  [0m] Started Tell Plymouth To Write Out Runtime Data.
[[0;32m  OK  [0m] Started Flush Journal to Persistent Storage.
         Starting Create Volatile Files and Directories...
[[0;32m  OK  [0m] Started ebtables ruleset management.
[[0;32m  OK  [0m] Started Create Volatile Files and Directories.
         Starting Update UTMP about System Boot/Shutdown...
[[0;32m  OK  [0m] Started Update UTMP about System Boot/Shutdown.
[[0;32m  OK  [0m] Started AppArmor initialization.
         Starting Initial cloud-init job (pre-networking)...
[[0;32m  OK  [0m] Found device /dev/ttyS0.
[[0;32m  OK  [0m] Listening on Load/Save RF Kill Switch Status /dev/rfkill Watch.
[    5.558019] snd_intel8x0 0000:00:05.0: measure - unreliable DMA position..
[    5.602831] cloud-init[589]: Cloud-init v. 19.1-1-gbaa47854-0ubuntu1~18.04.1 running 'init-local' at Tue, 27 Aug 2019 03:50:48 +0000. Up 5.48 seconds.
[[0;32m  OK  [0m] Started Initial cloud-init job (pre-networking).
[[0;32m  OK  [0m] Reached target Network (Pre).
         Starting Network Service...
[[0;32m  OK  [0m] Started Network Service.
         Starting Network Name Resolution...
         Starting Wait for Network to be Configured...
[[0;32m  OK  [0m] Started Network Name Resolution.
[[0;32m  OK  [0m] Reached target Host and Network Name Lookups.
[[0;32m  OK  [0m] Reached target Network.
[    5.957562] snd_intel8x0 0000:00:05.0: measure - unreliable DMA position..
[[0;32m  OK  [0m] Reached target Sound Card.
[[0;32m  OK  [0m] Started Wait for Network to be Configured.
         Starting Initial cloud-init job (metadata service crawler)...
[    7.487711] cloud-init[734]: Cloud-init v. 19.1-1-gbaa47854-0ubuntu1~18.04.1 running 'init' at Tue, 27 Aug 2019 03:50:50 +0000. Up 7.39 seconds.
[    7.497172] cloud-init[734]: ci-info: ++++++++++++++++++++++++++++++++++++++Net device info+++++++++++++++++++++++++++++++++++++++
[    7.498743] cloud-init[734]: ci-info: +--------+------+-----------------------------+---------------+--------+-------------------+
[    7.500807] cloud-init[734]: ci-info: | Device |  Up  |           Address           |      Mask     | Scope  |     Hw-Address    |
[    7.502686] cloud-init[734]: ci-info: +--------+------+-----------------------------+---------------+--------+-------------------+
[    7.504515] cloud-init[734]: ci-info: | enp0s3 | True |          10.0.2.15          | 255.255.255.0 | global | 02:9b:34:e4:fb:b3 |
[    7.506243] cloud-init[734]: ci-info: | enp0s3 | True |  fe80::9b:34ff:fee4:fbb3/64 |       .       |  link  | 02:9b:34:e4:fb:b3 |
[    7.507457] cloud-init[734]: ci-info: | enp0s8 | True |        192.168.33.10        | 255.255.255.0 | global | 08:00:27:36:11:98 |
[    7.508952] cloud-init[734]: ci-info: | enp0s8 | True | fe80::a00:27ff:fe36:1198/64 |       .       |  link  | 08:00:27:36:11:98 |
[    7.510725] cloud-init[734]: ci-info: |   lo   | True |          127.0.0.1          |   255.0.0.0   |  host  |         .         |
[    7.511768] cloud-init[734]: ci-info: |   lo   | True |           ::1/128           |       .       |  host  |         .         |
[    7.513194] cloud-init[734]: ci-info: +--------+------+-----------------------------+---------------+--------+-------------------+
[    7.514713] cloud-init[734]: ci-info: +++++++++++++++++++++++++++++Route IPv4 info+++++++++++++++++++++++++++++
[    7.516073] cloud-init[734]: ci-info: +-------+--------------+----------+-----------------+-----------+-------+
[    7.517774] cloud-init[734]: ci-info: | Route | Destination  | Gateway  |     Genmask     | Interface | Flags |
[    7.519435] cloud-init[734]: ci-info: +-------+--------------+----------+-----------------+-----------+-------+
[    7.520959] cloud-init[734]: ci-info: |   0   |   0.0.0.0    | 10.0.2.2 |     0.0.0.0     |   enp0s3  |   UG  |
[    7.522376] cloud-init[734]: ci-info: |   1   |   10.0.2.0   | 0.0.0.0  |  255.255.255.0  |   enp0s3  |   U   |
[    7.523778] cloud-init[734]: ci-info: |   2   |   10.0.2.2   | 0.0.0.0  | 255.255.255.255 |   enp0s3  |   UH  |
[    7.525200] cloud-init[734]: ci-info: |   3   | 192.168.33.0 | 0.0.0.0  |  255.255.255.0  |   enp0s8  |   U   |
[    7.526305] cloud-init[734]: ci-info: +-------+--------------+----------+-----------------+-----------+-------+
[    7.527293] cloud-init[734]: ci-info: +++++++++++++++++++Route IPv6 info+++++++++++++++++++
[    7.528146] cloud-init[734]: ci-info: +-------+-------------+---------+-----------+-------+
[    7.529373] cloud-init[734]: ci-info: | Route | Destination | Gateway | Interface | Flags |
[    7.530723] cloud-init[734]: ci-info: +-------+-------------+---------+-----------+-------+
[    7.545303] cloud-init[734]: ci-info: |   1   |  fe80::/64  |    ::   |   enp0s8  |   U   |
[    7.546377] cloud-init[734]: ci-info: |   2   |  fe80::/64  |    ::   |   enp0s3  |   U   |
[    7.547611] cloud-init[734]: ci-info: |   4   |    local    |    ::   |   enp0s3  |   U   |
[    7.548781] cloud-init[734]: ci-info: |   5   |    local    |    ::   |   enp0s8  |   U   |
[    7.550082] cloud-init[734]: ci-info: |   6   |   ff00::/8  |    ::   |   enp0s8  |   U   |
[    7.551303] cloud-init[734]: ci-info: |   7   |   ff00::/8  |    ::   |   enp0s3  |   U   |
[    7.552284] cloud-init[734]: ci-info: +-------+-------------+---------+-----------+-------+
[[0;32m  OK  [0m] Started Initial cloud-init job (metadata service crawler).
[[0;32m  OK  [0m] Reached target Cloud-config availability.
[[0;32m  OK  [0m] Reached target System Initialization.
         Starting Socket activation for snappy daemon.
[[0;32m  OK  [0m] Started Message of the Day.
[[0;32m  OK  [0m] Listening on ACPID Listen Socket.
         Starting LXD - unix socket.
[[0;32m  OK  [0m] Started Discard unused blocks once a week.
[[0;32m  OK  [0m] Listening on UUID daemon activation socket.
[[0;32m  OK  [0m] Started Daily Cleanup of Temporary Directories.
[[0;32m  OK  [0m] Started Daily apt download activities.
[[0;32m  OK  [0m] Started Daily apt upgrade and clean activities.
[[0;32m  OK  [0m] Listening on Open-iSCSI iscsid Socket.
[[0;32m  OK  [0m] Listening on D-Bus System Message Bus Socket.
[[0;32m  OK  [0m] Started Clean PHP session files every 30 mins.
[[0;32m  OK  [0m] Reached target Timers.
[[0;32m  OK  [0m] Started ACPI Events Check.
[[0;32m  OK  [0m] Reached target Paths.
[[0;32m  OK  [0m] Reached target Network is Online.
         Starting Availability of block devices...
[[0;32m  OK  [0m] Reached target Remote File Systems (Pre).
[[0;32m  OK  [0m] Reached target Remote File Systems.
[[0;32m  OK  [0m] Listening on Socket activation for snappy daemon.
[[0;32m  OK  [0m] Listening on LXD - unix socket.
[[0;32m  OK  [0m] Started Availability of block devices.
[[0;32m  OK  [0m] Reached target Sockets.
[[0;32m  OK  [0m] Reached target Basic System.
         Starting Accounts Service...
         Starting The Apache HTTP Server...
         Starting LXD - container startup/shutdown...
         Starting Thermal Daemon Service...
         Starting MySQL Community Server...
         Starting Clean php session files...
[[0;32m  OK  [0m] Started D-Bus System Message Bus.
         Starting Permit User Sessions...
         Starting System Logging Service...
         Starting Message of the Day...
         Starting Login Service...
[[0;32m  OK  [0m] Started FUSE filesystem for LXC.
[[0;32m  OK  [0m] Started irqbalance daemon.
[[0;32m  OK  [0m] Started Regular background program processing daemon.
         Starting Dispatcher daemon for systemd-networkd...
         Starting LSB: Record successful boot for GRUB...
         Starting LSB: automatic crash report generation...
[[0;32m  OK  [0m] Started Deferred execution scheduler.
         Starting OpenBSD Secure Shell server...
         Starting Snappy daemon...
         Starting vboxadd.service...
[[0;32m  OK  [0m] Started Permit User Sessions.
[[0;32m  OK  [0m] Started Thermal Daemon Service.
         Starting Terminate Plymouth Boot Screen...
         Starting Hold until boot process finishes up...
[[0;32m  OK  [0m] Started Hold until boot process finishes up.
[[0;32m  OK  [0m] Started Terminate Plymouth Boot Screen.
         Starting Set console scheme...
[[0;32m  OK  [0m] Started Serial Getty on ttyS0.
[[0;32m  OK  [0m] Started Set console scheme.
[[0;32m  OK  [0m] Created slice system-getty.slice.
[[0;32m  OK  [0m] Started Getty on tty1.
[[0;32m  OK  [0m] Reached target Login Prompts.
[[0;32m  OK  [0m] Started System Logging Service.
[[0;32m  OK  [0m] Started LSB: automatic crash report generation.
[[0;32m  OK  [0m] Started OpenBSD Secure Shell server.
         Starting Authorization Manager...
[[0;32m  OK  [0m] Started LSB: Record successful boot for GRUB.
[[0;32m  OK  [0m] Started Authorization Manager.
[[0;32m  OK  [0m] Started Login Service.
[[0;32m  OK  [0m] Started Accounts Service.
[[0;32m  OK  [0m] Started Unattended Upgrades Shutdown.
[[0;32m  OK  [0m] Started LXD - container startup/shutdown.
[[0;32m  OK  [0m] Started The Apache HTTP Server.
[[0;32m  OK  [0m] Started Snappy daemon.
         Starting Wait until snapd is fully seeded...
[[0;32m  OK  [0m] Started Dispatcher daemon for systemd-networkd.
[[0;32m  OK  [0m] Started Clean php session files.
[[0;32m  OK  [0m] Started Wait until snapd is fully seeded.
         Starting Apply the settings specified in cloud-config...
[[0;32m  OK  [0m] Started MySQL Community Server.
[    8.995526] cloud-init[1044]: Cloud-init v. 19.1-1-gbaa47854-0ubuntu1~18.04.1 running 'modules:config' at Tue, 27 Aug 2019 03:50:52 +0000. Up 8.84 seconds.
[[0;32m  OK  [0m] Started Message of the Day.
[[0;32m  OK  [0m] Started Apply the settings specified in cloud-config.
[[0;32m  OK  [0m] Created slice User Slice of vagrant.
         Starting User Manager for UID 1000...
[[0;32m  OK  [0m] Started Session 1 of user vagrant.
[[0;32m  OK  [0m] Started User Manager for UID 1000.
[[0;32m  OK  [0m] Started vboxadd.service.
         Starting vboxadd-service.service...
[[0;32m  OK  [0m] Started vboxadd-service.service.
[[0;32m  OK  [0m] Reached target Multi-User System.
         Starting Execute cloud user/final scripts...
[[0;32m  OK  [0m] Reached target Graphical Interface.
         Starting Update UTMP about System Runlevel Changes...
[[0;32m  OK  [0m] Started Update UTMP about System Runlevel Changes.
[   11.818254] cloud-init[1443]: Cloud-init v. 19.1-1-gbaa47854-0ubuntu1~18.04.1 running 'modules:final' at Tue, 27 Aug 2019 03:50:54 +0000. Up 11.75 seconds.
[   11.821517] cloud-init[1443]: Cloud-init v. 19.1-1-gbaa47854-0ubuntu1~18.04.1 finished at Tue, 27 Aug 2019 03:50:55 +0000. Datasource DataSourceNoCloud [seed=/dev/sdb][dsmode=net].  Up 11.81 seconds
[[0;32m  OK  [0m] Started Execute cloud user/final scripts.
[[0;32m  OK  [0m] Reached target Cloud-init target.
         Starting Daily apt download activities...

Ubuntu 18.04.3 LTS dev ttyS0

dev login: 